<?xml version="1.0" encoding="UTF-8"?>
<!-- Generated by org.testng.reporters.JUnitReportReporter -->
<testsuite hostname="DESKTOP-CJN9AFV" failures="0" tests="1" name="tests.restfulbooker.crud.TestHeakthCheck" time="4.812" errors="0" timestamp="2025-09-23T20:22:28 IST" skipped="0">
  <testcase classname="tests.restfulbooker.crud.TestHeakthCheck" name="testGETHealthCheck" time="4.812"/>
</testsuite> <!-- tests.restfulbooker.crud.TestHeakthCheck -->
