<?xml version="1.0" encoding="UTF-8"?>
<!-- Generated by org.testng.reporters.JUnitReportReporter -->
<testsuite hostname="vRhythms064" failures="0" tests="1" name="tests.restfulbooker.crud.TestHeakthCheck" time="3.489" errors="0" timestamp="2025-09-24T11:26:26 IST" skipped="0">
  <testcase classname="tests.restfulbooker.crud.TestHeakthCheck" name="testGETHealthCheck" time="3.489"/>
</testsuite> <!-- tests.restfulbooker.crud.TestHeakthCheck -->
