<?xml version="1.0" encoding="UTF-8"?>
<!-- Generated by org.testng.reporters.JUnitReportReporter -->
<testsuite hostname="DESKTOP-CJN9AFV" failures="0" tests="1" name="tests.restfulbooker.crud.TestCreateBooking" time="2.820" errors="0" timestamp="2025-09-21T00:56:37 IST" skipped="0">
  <testcase classname="tests.restfulbooker.crud.TestCreateBooking" name="testCreateBookingPOST_NEGATIVE_BASE_URL" time="2.820"/>
</testsuite> <!-- tests.restfulbooker.crud.TestCreateBooking -->
