<?xml version="1.0" encoding="UTF-8"?>
<!-- Generated by org.testng.reporters.JUnitReportReporter -->
<testsuite hostname="vRhythms064" failures="0" tests="13" name="tests.restfulbooker.crud.TestCreateBooking" time="20.930" errors="0" timestamp="2025-09-18T18:48:19 IST" skipped="0">
  <testcase classname="tests.restfulbooker.crud.TestCreateBooking" name="testCreateBookingPOST_Positive" time="3.603"/>
  <testcase classname="tests.restfulbooker.crud.TestCreateBooking" name="testCreateBookingPOST_Negative" time="1.585"/>
  <testcase classname="tests.restfulbooker.crud.TestCreateBooking" name="testCreateBookingPOST_POSITIVE_CHINISE" time="1.478"/>
  <testcase classname="tests.restfulbooker.crud.TestCreateBooking" name="testCreateBookingPOST_POSITIVE_FAKER_RANDOM_DATA" time="1.567"/>
  <testcase classname="tests.restfulbooker.crud.TestCreateBooking" name="testCreateBookingPOST_NEGATIVE_WRONG" time="1.589"/>
  <testcase classname="tests.restfulbooker.crud.TestCreateBooking" name="testCreateBookingPOST_NEGATIVE_BASE_URL" time="1.071"/>
  <testcase classname="tests.restfulbooker.crud.TestCreateBooking" name="testCreateBookingPOST_NEGATIVE_FIRSTNAME_MISSING" time="1.485"/>
  <testcase classname="tests.restfulbooker.crud.TestCreateBooking" name="testCreateBookingPOST_NEGATIVE_Lastname_MISSING" time="1.420"/>
  <testcase classname="tests.restfulbooker.crud.TestCreateBooking" name="testCreateBookingPOST_NEGATIVE_Totalprice_MISSING" time="1.435"/>
  <testcase classname="tests.restfulbooker.crud.TestCreateBooking" name="testCreateBookingPOST_NEGATIVE_DepositPaid_MISSING" time="1.349"/>
  <testcase classname="tests.restfulbooker.crud.TestCreateBooking" name="testCreateBookingPOST_NEGATIVE_BookingDates_MISSING" time="1.421"/>
  <testcase classname="tests.restfulbooker.crud.TestCreateBooking" name="testCreateBookingPOST_NEGATIVE_AdditionalNeeds_MISSING" time="1.452"/>
  <testcase classname="tests.restfulbooker.crud.TestCreateBooking" name="testCreateBookingPOST_NEGATIVE_Invalid_Firstname" time="1.475"/>
</testsuite> <!-- tests.restfulbooker.crud.TestCreateBooking -->
