<?xml version="1.0" encoding="UTF-8"?>
<!-- Generated by org.testng.reporters.JUnitReportReporter -->
<testsuite hostname="DESKTOP-CJN9AFV" failures="0" tests="1" name="tests.vwo.TestVWOLoginInvalid" time="1.928" errors="0" timestamp="2025-09-23T21:20:24 IST" skipped="0">
  <testcase classname="tests.vwo.TestVWOLoginInvalid" name="test_VWO_Login_Negative" time="1.928"/>
</testsuite> <!-- tests.vwo.TestVWOLoginInvalid -->
