<?xml version="1.0" encoding="UTF-8"?>
<!-- Generated by org.testng.reporters.JUnitReportReporter -->
<testsuite hostname="vRhythms064" failures="0" tests="4" name="tests.restfulbooker.e2e_integration.TestIntegrationFlow1" time="15.590" errors="0" timestamp="2025-09-24T11:48:03 IST" skipped="0">
  <testcase classname="tests.restfulbooker.e2e_integration.TestIntegrationFlow1" name="testCreateBooking" time="3.092"/>
  <testcase classname="tests.restfulbooker.e2e_integration.TestIntegrationFlow1" name="testVerifyBookingId" time="6.363"/>
  <testcase classname="tests.restfulbooker.e2e_integration.TestIntegrationFlow1" name="testUpdateBookingByID" time="4.037"/>
  <testcase classname="tests.restfulbooker.e2e_integration.TestIntegrationFlow1" name="testDeleteBookingById" time="2.098"/>
</testsuite> <!-- tests.restfulbooker.e2e_integration.TestIntegrationFlow1 -->
