<?xml version="1.0" encoding="UTF-8"?>
<!-- Generated by org.testng.reporters.JUnitReportReporter -->
<testsuite hostname="DESKTOP-CJN9AFV" failures="0" tests="2" name="tests.restfulbooker.crud.TestCreateToken" time="5.801" errors="0" timestamp="2025-09-23T20:25:42 IST" skipped="0">
  <testcase classname="tests.restfulbooker.crud.TestCreateToken" name="test_verifyTokenPOST" time="4.301"/>
  <testcase classname="tests.restfulbooker.crud.TestCreateToken" name="test_verifyTokenPOST_Negative" time="1.500"/>
</testsuite> <!-- tests.restfulbooker.crud.TestCreateToken -->
