<?xml version="1.0" encoding="UTF-8"?>
<!-- Generated by org.testng.reporters.JUnitReportReporter -->
<testsuite hostname="DESKTOP-CJN9AFV" failures="0" tests="6" name="tests.restfulbooker.crud.TestCreateBooking" time="10.476" errors="0" timestamp="2025-09-05T00:14:43 IST" skipped="0">
  <testcase classname="tests.restfulbooker.crud.TestCreateBooking" name="testCreateBookingPOST_NEGATIVE_BASE_URL" time="2.610"/>
  <testcase classname="tests.restfulbooker.crud.TestCreateBooking" name="testCreateBookingPOST_POSITIVE_FAKER_RANDOM_DATA" time="1.574"/>
  <testcase classname="tests.restfulbooker.crud.TestCreateBooking" name="testCreateBookingPOST_Negative" time="2.066"/>
  <testcase classname="tests.restfulbooker.crud.TestCreateBooking" name="testCreateBookingPOST_POSITIVE_CHINISE" time="1.382"/>
  <testcase classname="tests.restfulbooker.crud.TestCreateBooking" name="testCreateBookingPOST_Positive" time="1.336"/>
  <testcase classname="tests.restfulbooker.crud.TestCreateBooking" name="testCreateBookingPOST_NEGATIVE_WRONG" time="1.508"/>
</testsuite> <!-- tests.restfulbooker.crud.TestCreateBooking -->
