<?xml version="1.0" encoding="UTF-8"?>
<!-- Generated by org.testng.reporters.JUnitReportReporter -->
<testsuite hostname="vRhythms064" failures="0" tests="4" name="tests.restfulbooker.e2e_integration.TestIntegrationFlow1" time="10.840" errors="0" timestamp="2025-09-24T13:11:38 IST" skipped="0">
  <testcase classname="tests.restfulbooker.e2e_integration.TestIntegrationFlow1" name="testCreateBooking" time="4.727"/>
  <testcase classname="tests.restfulbooker.e2e_integration.TestIntegrationFlow1" name="testVerifyBookingId" time="1.596"/>
  <testcase classname="tests.restfulbooker.e2e_integration.TestIntegrationFlow1" name="testUpdateBookingByID" time="3.119"/>
  <testcase classname="tests.restfulbooker.e2e_integration.TestIntegrationFlow1" name="testDeleteBookingById" time="1.398"/>
</testsuite> <!-- tests.restfulbooker.e2e_integration.TestIntegrationFlow1 -->
