<?xml version="1.0" encoding="UTF-8"?>
<!-- Generated by org.testng.reporters.JUnitReportReporter -->
<testsuite hostname="vRhythms064" failures="0" tests="2" name="tests.restfulbooker.crud.TestCreateToken" time="4.584" errors="0" timestamp="2025-09-24T11:26:06 IST" skipped="0">
  <testcase classname="tests.restfulbooker.crud.TestCreateToken" name="test_verifyTokenPOST" time="3.005"/>
  <testcase classname="tests.restfulbooker.crud.TestCreateToken" name="test_verifyTokenPOST_Negative" time="1.579"/>
</testsuite> <!-- tests.restfulbooker.crud.TestCreateToken -->
