<?xml version="1.0" encoding="UTF-8"?>
<!-- Generated by org.testng.reporters.JUnitReportReporter -->
<testsuite hostname="DESKTOP-CJN9AFV" failures="0" tests="4" name="tests.restfulbooker.sample.TestIntegrationSample" time="0.090" errors="0" timestamp="2025-09-23T22:12:51 IST" skipped="0">
  <testcase classname="tests.restfulbooker.sample.TestIntegrationSample" name="testCreateBooking" time="0.075"/>
  <testcase classname="tests.restfulbooker.sample.TestIntegrationSample" name="testVerifyBookingId" time="0.006"/>
  <testcase classname="tests.restfulbooker.sample.TestIntegrationSample" name="testUpdateBookingByID" time="0.005"/>
  <testcase classname="tests.restfulbooker.sample.TestIntegrationSample" name="testDeleteBookingById" time="0.004"/>
</testsuite> <!-- tests.restfulbooker.sample.TestIntegrationSample -->
